running egg_info
creating ../../build/jarvis_controller/jarvis_controller.egg-info
writing ../../build/jarvis_controller/jarvis_controller.egg-info/PKG-INFO
writing dependency_links to ../../build/jarvis_controller/jarvis_controller.egg-info/dependency_links.txt
writing entry points to ../../build/jarvis_controller/jarvis_controller.egg-info/entry_points.txt
writing requirements to ../../build/jarvis_controller/jarvis_controller.egg-info/requires.txt
writing top-level names to ../../build/jarvis_controller/jarvis_controller.egg-info/top_level.txt
writing manifest file '../../build/jarvis_controller/jarvis_controller.egg-info/SOURCES.txt'
reading manifest file '../../build/jarvis_controller/jarvis_controller.egg-info/SOURCES.txt'
writing manifest file '../../build/jarvis_controller/jarvis_controller.egg-info/SOURCES.txt'
running build
running build_py
creating /home/legenda/ros2_ws/build/jarvis_controller/build
creating /home/legenda/ros2_ws/build/jarvis_controller/build/lib
creating /home/legenda/ros2_ws/build/jarvis_controller/build/lib/jarvis_controller
copying jarvis_controller/__init__.py -> /home/legenda/ros2_ws/build/jarvis_controller/build/lib/jarvis_controller
running install
running install_lib
creating /home/legenda/ros2_ws/install/jarvis_controller/lib/python3.10/site-packages/jarvis_controller
copying /home/legenda/ros2_ws/build/jarvis_controller/build/lib/jarvis_controller/__init__.py -> /home/legenda/ros2_ws/install/jarvis_controller/lib/python3.10/site-packages/jarvis_controller
byte-compiling /home/legenda/ros2_ws/install/jarvis_controller/lib/python3.10/site-packages/jarvis_controller/__init__.py to __init__.cpython-310.pyc
running install_data
creating /home/legenda/ros2_ws/install/jarvis_controller/share/ament_index
creating /home/legenda/ros2_ws/install/jarvis_controller/share/ament_index/resource_index
creating /home/legenda/ros2_ws/install/jarvis_controller/share/ament_index/resource_index/packages
copying resource/jarvis_controller -> /home/legenda/ros2_ws/install/jarvis_controller/share/ament_index/resource_index/packages
copying package.xml -> /home/legenda/ros2_ws/install/jarvis_controller/share/jarvis_controller
running install_egg_info
Copying ../../build/jarvis_controller/jarvis_controller.egg-info to /home/legenda/ros2_ws/install/jarvis_controller/lib/python3.10/site-packages/jarvis_controller-0.0.0-py3.10.egg-info
running install_scripts
writing list of installed files to '/home/legenda/ros2_ws/build/jarvis_controller/install.log'
