[0.652s] Invoking command in '/home/legenda/ros2_ws/src/jarvis_controller': PYTHONPATH=/home/legenda/ros2_ws/build/jarvis_controller/prefix_override:/home/legenda/ros2_ws/install/jarvis_controller/lib/python3.10/site-packages:${PYTHONPATH} /usr/bin/python3 setup.py egg_info --egg-base ../../build/jarvis_controller build --build-base /home/legenda/ros2_ws/build/jarvis_controller/build install --record /home/legenda/ros2_ws/build/jarvis_controller/install.log --single-version-externally-managed
[0.910s] running egg_info
[0.910s] creating ../../build/jarvis_controller/jarvis_controller.egg-info
[0.911s] writing ../../build/jarvis_controller/jarvis_controller.egg-info/PKG-INFO
[0.911s] writing dependency_links to ../../build/jarvis_controller/jarvis_controller.egg-info/dependency_links.txt
[0.911s] writing entry points to ../../build/jarvis_controller/jarvis_controller.egg-info/entry_points.txt
[0.912s] writing requirements to ../../build/jarvis_controller/jarvis_controller.egg-info/requires.txt
[0.912s] writing top-level names to ../../build/jarvis_controller/jarvis_controller.egg-info/top_level.txt
[0.912s] writing manifest file '../../build/jarvis_controller/jarvis_controller.egg-info/SOURCES.txt'
[0.913s] reading manifest file '../../build/jarvis_controller/jarvis_controller.egg-info/SOURCES.txt'
[0.914s] writing manifest file '../../build/jarvis_controller/jarvis_controller.egg-info/SOURCES.txt'
[0.914s] running build
[0.915s] running build_py
[0.915s] creating /home/legenda/ros2_ws/build/jarvis_controller/build
[0.915s] creating /home/legenda/ros2_ws/build/jarvis_controller/build/lib
[0.915s] creating /home/legenda/ros2_ws/build/jarvis_controller/build/lib/jarvis_controller
[0.915s] copying jarvis_controller/__init__.py -> /home/legenda/ros2_ws/build/jarvis_controller/build/lib/jarvis_controller
[0.915s] running install
[0.915s] /usr/lib/python3/dist-packages/setuptools/command/install.py:34: SetuptoolsDeprecationWarning: setup.py install is deprecated. Use build and pip and other standards-based tools.
[0.915s]   warnings.warn(
[0.916s] running install_lib
[0.916s] creating /home/legenda/ros2_ws/install/jarvis_controller/lib/python3.10/site-packages/jarvis_controller
[0.916s] copying /home/legenda/ros2_ws/build/jarvis_controller/build/lib/jarvis_controller/__init__.py -> /home/legenda/ros2_ws/install/jarvis_controller/lib/python3.10/site-packages/jarvis_controller
[0.917s] byte-compiling /home/legenda/ros2_ws/install/jarvis_controller/lib/python3.10/site-packages/jarvis_controller/__init__.py to __init__.cpython-310.pyc
[0.917s] running install_data
[0.917s] creating /home/legenda/ros2_ws/install/jarvis_controller/share/ament_index
[0.917s] creating /home/legenda/ros2_ws/install/jarvis_controller/share/ament_index/resource_index
[0.917s] creating /home/legenda/ros2_ws/install/jarvis_controller/share/ament_index/resource_index/packages
[0.918s] copying resource/jarvis_controller -> /home/legenda/ros2_ws/install/jarvis_controller/share/ament_index/resource_index/packages
[0.918s] copying package.xml -> /home/legenda/ros2_ws/install/jarvis_controller/share/jarvis_controller
[0.918s] running install_egg_info
[0.919s] Copying ../../build/jarvis_controller/jarvis_controller.egg-info to /home/legenda/ros2_ws/install/jarvis_controller/lib/python3.10/site-packages/jarvis_controller-0.0.0-py3.10.egg-info
[0.920s] running install_scripts
[0.943s] writing list of installed files to '/home/legenda/ros2_ws/build/jarvis_controller/install.log'
[0.974s] Invoked command in '/home/legenda/ros2_ws/src/jarvis_controller' returned '0': PYTHONPATH=/home/legenda/ros2_ws/build/jarvis_controller/prefix_override:/home/legenda/ros2_ws/install/jarvis_controller/lib/python3.10/site-packages:${PYTHONPATH} /usr/bin/python3 setup.py egg_info --egg-base ../../build/jarvis_controller build --build-base /home/legenda/ros2_ws/build/jarvis_controller/build install --record /home/legenda/ros2_ws/build/jarvis_controller/install.log --single-version-externally-managed
