running egg_info
writing ../../build/jarvis_controller/jarvis_controller.egg-info/PKG-INFO
writing dependency_links to ../../build/jarvis_controller/jarvis_controller.egg-info/dependency_links.txt
writing entry points to ../../build/jarvis_controller/jarvis_controller.egg-info/entry_points.txt
writing requirements to ../../build/jarvis_controller/jarvis_controller.egg-info/requires.txt
writing top-level names to ../../build/jarvis_controller/jarvis_controller.egg-info/top_level.txt
reading manifest file '../../build/jarvis_controller/jarvis_controller.egg-info/SOURCES.txt'
writing manifest file '../../build/jarvis_controller/jarvis_controller.egg-info/SOURCES.txt'
running build
running build_py
running install
/usr/lib/python3/dist-packages/setuptools/command/install.py:34: SetuptoolsDeprecationWarning: setup.py install is deprecated. Use build and pip and other standards-based tools.
  warnings.warn(
running install_lib
running install_data
running install_egg_info
removing '/home/legenda/ros2_ws/install/jarvis_controller/lib/python3.10/site-packages/jarvis_controller-0.0.0-py3.10.egg-info' (and everything under it)
Copying ../../build/jarvis_controller/jarvis_controller.egg-info to /home/legenda/ros2_ws/install/jarvis_controller/lib/python3.10/site-packages/jarvis_controller-0.0.0-py3.10.egg-info
running install_scripts
writing list of installed files to '/home/legenda/ros2_ws/build/jarvis_controller/install.log'
