[0.634s] Invoking command in '/home/legenda/ros2_ws/src/jarvis_controller': PYTHONPATH=/home/legenda/ros2_ws/build/jarvis_controller/prefix_override:/home/legenda/ros2_ws/install/jarvis_controller/lib/python3.10/site-packages:${PYTHONPATH} /usr/bin/python3 setup.py egg_info --egg-base ../../build/jarvis_controller build --build-base /home/legenda/ros2_ws/build/jarvis_controller/build install --record /home/legenda/ros2_ws/build/jarvis_controller/install.log --single-version-externally-managed
[0.873s] running egg_info
[0.874s] writing ../../build/jarvis_controller/jarvis_controller.egg-info/PKG-INFO
[0.874s] writing dependency_links to ../../build/jarvis_controller/jarvis_controller.egg-info/dependency_links.txt
[0.874s] writing entry points to ../../build/jarvis_controller/jarvis_controller.egg-info/entry_points.txt
[0.874s] writing requirements to ../../build/jarvis_controller/jarvis_controller.egg-info/requires.txt
[0.874s] writing top-level names to ../../build/jarvis_controller/jarvis_controller.egg-info/top_level.txt
[0.876s] reading manifest file '../../build/jarvis_controller/jarvis_controller.egg-info/SOURCES.txt'
[0.877s] writing manifest file '../../build/jarvis_controller/jarvis_controller.egg-info/SOURCES.txt'
[0.877s] running build
[0.877s] running build_py
[0.877s] running install
[0.878s] /usr/lib/python3/dist-packages/setuptools/command/install.py:34: SetuptoolsDeprecationWarning: setup.py install is deprecated. Use build and pip and other standards-based tools.
[0.878s]   warnings.warn(
[0.878s] running install_lib
[0.879s] running install_data
[0.879s] running install_egg_info
[0.881s] removing '/home/legenda/ros2_ws/install/jarvis_controller/lib/python3.10/site-packages/jarvis_controller-0.0.0-py3.10.egg-info' (and everything under it)
[0.881s] Copying ../../build/jarvis_controller/jarvis_controller.egg-info to /home/legenda/ros2_ws/install/jarvis_controller/lib/python3.10/site-packages/jarvis_controller-0.0.0-py3.10.egg-info
[0.882s] running install_scripts
[0.902s] writing list of installed files to '/home/legenda/ros2_ws/build/jarvis_controller/install.log'
[0.927s] Invoked command in '/home/legenda/ros2_ws/src/jarvis_controller' returned '0': PYTHONPATH=/home/legenda/ros2_ws/build/jarvis_controller/prefix_override:/home/legenda/ros2_ws/install/jarvis_controller/lib/python3.10/site-packages:${PYTHONPATH} /usr/bin/python3 setup.py egg_info --egg-base ../../build/jarvis_controller build --build-base /home/legenda/ros2_ws/build/jarvis_controller/build install --record /home/legenda/ros2_ws/build/jarvis_controller/install.log --single-version-externally-managed
